 
****************************************
Report : area
Design : cic_filter
Version: O-2018.06-SP1
Date   : Tue May  2 16:04:00 2023
****************************************

Library(s) Used:

    slow (File: /home/sasasatori/experiment/lib/logic/slow.db)

Number of ports:                          320
Number of nets:                           801
Number of cells:                          428
Number of combinational cells:            221
Number of sequential cells:               201
Number of macros/black boxes:               0
Number of buf/inv:                         77
Number of references:                      11

Combinational area:               8202.902458
Buf/Inv area:                      828.273597
Noncombinational area:           13691.462524
Macro/Black Box area:                0.000000
Net Interconnect area:           49653.603607

Total cell area:                 21894.364983
Total area:                      71547.968590
1
