 
****************************************
Report : design
Design : cic_filter
Version: O-2018.06-SP1
Date   : Tue May  2 16:04:00 2023
****************************************

Design allows ideal nets on clock nets.

Library(s) Used:

    slow (File: /home/sasasatori/experiment/lib/logic/slow.db)

Local Link Library:

    {slow.db}

Flip-Flop Types:

    No flip-flop types specified.

Latch Types:

    No latch types specified.

Operating Conditions:


    Operating Condition Name : slow
    Library : slow
    Process :   1.00
    Temperature : 125.00
    Voltage :   1.62
    Interconnect Model : balanced_tree

Wire Loading Model:

    Selected manually by the user.

Name           :   smic18_wl10
Location       :   slow
Resistance     :   8.5e-08
Capacitance    :   0.00015
Area           :   0.7
Slope          :   66.667
Fanout   Length   Points Average Cap Std Deviation
--------------------------------------------------------------
     1    66.67



Wire Loading Model Mode: top.

Timing Ranges:

    No timing ranges specified.

Pin Input Delays:

    None specified.

Pin Output Delays:

    None specified.

Disabled Timing Arcs:

    No arcs disabled.

Required Licenses:

    None Required

Design Parameters:

    None specified.
1
