 
****************************************
Report : hierarchy
Design : cic_filter
Version: O-2018.06-SP1
Date   : Tue May  2 16:04:00 2023
****************************************

cic_filter
    AND2X1                        slow
    CLKBUFX8                      slow
    DFFRHQX1                      slow
    DFFRHQXL                      slow
    XOR2X1                        slow
    cic_filter_DW01_add_0
        ADDFX2                    slow
        AND2X2                    slow
        XOR2X1                    slow
        XOR3X2                    slow
    cic_filter_DW01_add_1
        ADDFX2                    slow
        AND2X2                    slow
        XOR2X1                    slow
        XOR3X2                    slow
    cic_filter_DW01_sub_0
        ADDFX2                    slow
        INVX1                     slow
        OR2X2                     slow
        XNOR2X1                   slow
        XOR3X2                    slow
    cic_filter_DW01_sub_1
        ADDFX2                    slow
        INVX1                     slow
        OR2X2                     slow
        XNOR2X1                   slow
        XOR3X2                    slow
    cic_filter_DW01_sub_2
        ADDFX2                    slow
        INVX1                     slow
        OR2X2                     slow
        XNOR2X1                   slow
        XOR3X2                    slow
    divider
        ADDHXL                    slow
        DFFRHQX1                  slow
        DFFRHQXL                  slow
        INVX1                     slow
        NAND2X1                   slow
        NAND4BXL                  slow
        XNOR2X1                   slow
        XOR2X1                    slow
1
