Loading db file '/home/sasasatori/experiment/lib/logic/slow.db'
Information: Propagating switching activity (low effort zero delay simulation). (PWR-6)
Warning: Design has unannotated primary inputs. (PWR-414)
Warning: Design has unannotated sequential cell outputs. (PWR-415)
 
****************************************
Report : power
        -analysis_effort low
Design : cic_filter
Version: O-2018.06-SP1
Date   : Tue May  2 16:04:00 2023
****************************************


Library(s) Used:

    slow (File: /home/sasasatori/experiment/lib/logic/slow.db)


Operating Conditions: slow   Library: slow
Wire Load Model Mode: top

Design        Wire Load Model            Library
------------------------------------------------
cic_filter             smic18_wl10       slow


Global Operating Voltage = 1.62 
Power-specific unit information :
    Voltage Units = 1V
    Capacitance Units = 1.000000pf
    Time Units = 1ns
    Dynamic Power Units = 1mW    (derived from V,C,T units)
    Leakage Power Units = 1pW


  Cell Internal Power  =  28.6335 uW   (91%)
  Net Switching Power  =   2.9381 uW    (9%)
                         ---------
Total Dynamic Power    =  31.5716 uW  (100%)

Cell Leakage Power     = 874.4819 nW


                 Internal         Switching           Leakage            Total
Power Group      Power            Power               Power              Power   (   %    )  Attrs
--------------------------------------------------------------------------------------------------
io_pad             0.0000            0.0000            0.0000            0.0000  (   0.00%)
memory             0.0000            0.0000            0.0000            0.0000  (   0.00%)
black_box          0.0000            0.0000            0.0000            0.0000  (   0.00%)
clock_network      0.0000            0.0000            0.0000            0.0000  (   0.00%)
register       2.6794e-02        1.4808e-03        3.9337e+05        2.8668e-02  (  88.36%)
sequential         0.0000            0.0000            0.0000            0.0000  (   0.00%)
combinational  1.8392e-03        1.4573e-03        4.8111e+05        3.7777e-03  (  11.64%)
--------------------------------------------------------------------------------------------------
Total          2.8634e-02 mW     2.9381e-03 mW     8.7448e+05 pW     3.2446e-02 mW
1
