Command: /home/sasasatori/synopsys_workplace/dw_fp_mac/work/vcs/./dw_fp_mac -l sim.log
Chronologic VCS simulator copyright 1991-2018
Contains Synopsys proprietary information.
Compiler version O-2018.09-SP2_Full64; Runtime version O-2018.09-SP2_Full64;  Sep 24 19:09 2023
*Verdi* Loading libsscore_vcs201809.so
FSDB Dumper for VCS, Release Verdi_O-2018.09-SP2, Linux x86_64/64bit, 02/21/2019
(C) 1996 - 2019 by Synopsys, Inc.
*Verdi* FSDB WARNING: The FSDB file already exists. Overwriting the FSDB file may crash the programs that are using this file.
*Verdi* : Create FSDB file 'tb_dw_fp_mac.fsdb'
*Verdi* : Begin traversing the scopes, layer (0).
*Verdi* : Enable +all dumping.
*Verdi* : End of traversing.
VCD+ Writer O-2018.09-SP2_Full64 Copyright (c) 1991-2018 by Synopsys Inc.
inst_a = 3f800000, inst_b = 40000000, inst_c = 3f000000, inst_rnd = 000, z_inst = 40200000, status_inst = 00
inst_a = 3f800000, inst_b = 40000000, inst_c = 3f000000, inst_rnd = 000, z_inst = 40200000, status_inst = 00
inst_a = 40a9999a, inst_b = 42c75eb8, inst_c = 455c81fa, inst_rnd = 000, z_inst = 457d8744, status_inst = 20
inst_a = 40a9999a, inst_b = 42c75eb8, inst_c = 455c81fa, inst_rnd = 000, z_inst = 457d8744, status_inst = 20
$finish called from file "../../tb/tb_dw_fp_mac.sv", line 64.
$finish at simulation time                   40
           V C S   S i m u l a t i o n   R e p o r t 
Time: 40 ps
CPU Time:      0.180 seconds;       Data structure size:   0.0Mb
Sun Sep 24 19:09:17 2023
