Command: vcs -full64 +v2k -debug_pp -timescale=1ns/1ns -cpp g++ -cc gcc -LDFLAGS \
-no-pie -LDFLAGS -Wl,--no-as-needed -CFLAGS -fPIE -fsdb -f file_list.f -o cic_filter \
-l compile.log
*** Using c compiler gcc instead of cc ...

Warning-[DEBUG_DEP] Option will be deprecated
  The option '-fsdb' will be deprecated in a future release.  Please use 
  '-debug_acc+dmptf -debug_region+cell+encrypt' instead.

                         Chronologic VCS (TM)
       Version O-2018.09-SP2_Full64 -- Tue May  2 17:18:21 2023
               Copyright (c) 1991-2018 by Synopsys Inc.
                         ALL RIGHTS RESERVED

This program is proprietary and confidential information of Synopsys Inc.
and may be used and disclosed only as authorized in a license agreement
controlling such use and disclosure.

Parsing design file '../src/cic_filter.v'
Parsing design file '../src/divider64.v'
Parsing design file '../tb/tb_cic_filter.v'
Top Level Modules:
       testbench
TimeScale is 1 ns / 1 ns
Starting vcs inline pass...
1 module and 0 UDP read.
recompiling module testbench
make[1]: Entering directory '/home/sasasatori/experiment/vcs/csrc'
rm -f _csrc*.so pre_vcsobj_*.so share_vcsobj_*.so
if [ -x ../cic_filter ]; then chmod -x ../cic_filter; fi
g++  -o ../cic_filter -no-pie    -Wl,-rpath-link=./ -Wl,-rpath='$ORIGIN'/cic_filter.daidir/ \
-Wl,-rpath=./cic_filter.daidir/ -Wl,-rpath='$ORIGIN'/cic_filter.daidir//scsim.db.dir \
-no-pie -Wl,--no-as-needed -rdynamic  -Wl,-rpath=/tools/Synopsys/vcs/O-2018.09-SP2/linux64/lib \
-L/tools/Synopsys/vcs/O-2018.09-SP2/linux64/lib   objs/amcQw_d.o   _1622304_archive_1.so \
SIM_l.o       rmapats_mop.o rmapats.o rmar.o rmar_nd.o  rmar_llvm_0_1.o rmar_llvm_0_0.o \
-lzerosoft_rt_stubs -lvirsim -lerrorinf -lsnpsmalloc -lvfs    -lvcsnew -lsimprofile \
-luclinative /tools/Synopsys/vcs/O-2018.09-SP2/linux64/lib/vcs_tls.o   -Wl,-whole-archive \
-lvcsucli -Wl,-no-whole-archive        _vcs_pli_stub_.o   /tools/Synopsys/vcs/O-2018.09-SP2/linux64/lib/vcs_save_restore_new.o \
/tools/Synopsys/verdi/Verdi_O-2018.09-SP2//share/PLI/VCS/LINUX64/pli.a -ldl  -lc \
-lm -lpthread -ldl 
../cic_filter up to date
make[1]: Leaving directory '/home/sasasatori/experiment/vcs/csrc'
CPU time: .194 seconds to compile + .116 seconds to elab + .176 seconds to link
