Command: /home/sasasatori/experiment/vcs/./cic_filter -l sim.log
Chronologic VCS simulator copyright 1991-2018
Contains Synopsys proprietary information.
Compiler version O-2018.09-SP2_Full64; Runtime version O-2018.09-SP2_Full64;  May  2 17:18 2023
*Verdi* Loading libsscore_vcs201809.so
FSDB Dumper for VCS, Release Verdi_O-2018.09-SP2, Linux x86_64/64bit, 02/21/2019
(C) 1996 - 2019 by Synopsys, Inc.
*Verdi* FSDB WARNING: The FSDB file already exists. Overwriting the FSDB file may crash the programs that are using this file.
*Verdi* : Create FSDB file 'tb_cic_filter.fsdb'
*Verdi* : Begin traversing the scopes, layer (0).
*Verdi* : End of traversing.
*Verdi* : Begin traversing the MDAs, layer (0).
*Verdi* : Enable +mda and +packedmda dumping.
*Verdi* WARNING: Var 'testbench.mem' will be ignored because its total element is larger than or equal to 2097152.
*Verdi* : You may set environmental parameter "FSDB_MAX_VAR_ELEM" to enable the dumping.
*Verdi* : Value of "FSDB_MAX_VAR_ELEM" should be between 2^21~2^25.
*Verdi* : End of traversing the MDAs.
$finish called from file "../tb/tb_cic_filter.v", line 19.
$finish at simulation time             10000500
           V C S   S i m u l a t i o n   R e p o r t 
Time: 10000500 ns
CPU Time:      0.350 seconds;       Data structure size:   5.7Mb
Tue May  2 17:18:24 2023
