 
****************************************
Report : reference
Design : dw_fp_mac
Version: O-2018.06-SP1
Date   : Tue Sep 26 16:23:19 2023
****************************************

Attributes:
    b - black box (unknown)
   bo - allows boundary optimization
    d - dont_touch
   mo - map_only
    h - hierarchical
    n - noncombinational
    r - removable
    s - synthetic operator
    u - contains unmapped logic

Reference          Library       Unit Area   Count    Total Area   Attributes
-----------------------------------------------------------------------------
ADDFHX1            slow          76.507202      21   1606.651245  r
ADDFHX2            slow         113.097603      79   8934.710625  r
ADDFHX4            slow         116.424004     100  11642.400360  r
ADDFX2             slow          69.854401     137   9570.052887  r
ADDFXL             slow          69.854401      14    977.961609  r
ADDHX2             slow          59.875198       3    179.625595  r
ADDHX4             slow          93.139198       4    372.556793  r
ADDHXL             slow          36.590401       2     73.180801  r
AND2X1             slow          13.305600      24    319.334404  
AND2X2             slow          13.305600      98   1303.948816  
AND2X4             slow          16.632000      42    698.543999  
AND2XL             slow          13.305600       8    106.444801  
AND3X2             slow          16.632000       2     33.264000  
AND3X4             slow          19.958401      13    259.459209  
AND4X2             slow          19.958401       1     19.958401  
AND4X4             slow          36.590401       7    256.132805  
AOI2BB1X1          slow          16.632000       3     49.896000  
AOI2BB1X2          slow          23.284800      14    325.987194  
AOI2BB1X4          slow          36.590401       9    329.313606  
AOI2BB1XL          slow          16.632000       3     49.896000  
AOI2BB2X1          slow          23.284800       9    209.563196  
AOI2BB2X2          slow          29.937599       7    209.563194  
AOI2BB2X4          slow          49.896000       9    449.063999  
AOI2BB2XL          slow          23.284800       2     46.569599  
AOI21X1            slow          13.305600      79   1051.142413  
AOI21X2            slow          23.284800      85   1979.207964  
AOI21X4            slow          33.264000      70   2328.479996  
AOI21XL            slow          13.305600      60    798.336010  
AOI22X1            slow          16.632000      40    665.279999  
AOI22X2            slow          29.937599      16    479.001587  
AOI22X4            slow          46.569599       4    186.278397  
AOI22XL            slow          16.632000       7    116.424000  
AOI31X1            slow          16.632000       2     33.264000  
AOI31X2            slow          29.937599       2     59.875198  
BUFX1              slow          13.305600       3     39.916800  
BUFX2              slow          13.305600       5     66.528001  
BUFX3              slow          13.305600      20    266.112003  
BUFX4              slow          16.632000       5     83.160000  
BUFX8              slow          29.937599      15    449.063988  
BUFX12             slow          33.264000      15    498.959999  
BUFX16             slow          43.243198      15    648.647976  
BUFX20             slow          53.222401       9    479.001606  
BUFXL              slow          13.305600       1     13.305600  
CLKBUFX3           slow          13.305600       2     26.611200  
CLKBUFX8           slow          23.284800      13    302.702394  
CLKINVX2           slow           9.979200       7     69.854403  
CLKINVX3           slow           9.979200      74    738.460827  
CLKINVX4           slow          13.305600       2     26.611200  
CLKINVX8           slow          19.958401       9    179.625607  
CMPR22X1           slow          39.916801      62   2474.841690  r
CMPR32X1           slow          69.854401       2    139.708801  r
INVX1              slow           6.652800     299   1989.187225  
INVX2              slow           9.979200      50    498.960018  
INVX3              slow          13.305600       5     66.528001  
INVX4              slow          13.305600      65    864.864011  
INVX8              slow          19.958401     119   2375.049686  
INVX12             slow          43.243198       4    172.972794  
INVX16             slow          56.548801       5    282.744007  
INVX20             slow          63.201599       3    189.604797  
INVXL              slow           6.652800     276   1836.172823  
MX2X1              slow          26.611200       7    186.278402  
MX2X2              slow          29.937599       3     89.812798  
MX2X4              slow          33.264000       3     99.792000  
MX2XL              slow          26.611200       1     26.611200  
MXI2X1             slow          23.284800     125   2910.599947  
MXI2X2             slow          26.611200      16    425.779205  
MXI2X4             slow          46.569599      24   1117.670380  
NAND2BX1           slow          13.305600      40    532.224007  
NAND2BX2           slow          19.958401      42    838.252831  
NAND2BX4           slow          26.611200      30    798.336010  
NAND2BXL           slow          13.305600      17    226.195203  
NAND2X1            slow           9.979200     478   4770.057774  
NAND2X2            slow          16.632000     350   5821.199989  
NAND2X4            slow          23.284800     214   4982.947109  
NAND2XL            slow           9.979200     231   2305.195284  
NAND3BX1           slow          16.632000       5     83.160000  
NAND3BX2           slow          26.611200       7    186.278402  
NAND3BX4           slow          36.590401       5    182.952003  
NAND3BXL           slow          16.632000       1     16.632000  
NAND3X1            slow          13.305600      39    518.918406  
NAND3X2            slow          23.284800      42    977.961582  
NAND3X4            slow          33.264000      28    931.391998  
NAND3XL            slow          13.305600       8    106.444801  
NAND4BBX4          slow          63.201599       1     63.201599  
NAND4BX2           slow          33.264000       4    133.056000  
NAND4BX4           slow          59.875198       1     59.875198  
NAND4BXL           slow          19.958401       1     19.958401  
NAND4X1            slow          16.632000      10    166.320000  
NAND4X2            slow          29.937599      35   1047.815971  
NAND4X4            slow          56.548801      63   3562.574490  
NAND4XL            slow          16.632000       5     83.160000  
NOR2BX1            slow          13.305600       9    119.750401  
NOR2BX2            slow          19.958401       8    159.667206  
NOR2BX4            slow          26.611200      12    319.334404  
NOR2BXL            slow          13.305600       3     39.916800  
NOR2X1             slow           9.979200     118   1177.545643  
NOR2X2             slow          16.632000     168   2794.175995  
NOR2X4             slow          23.284800     183   4261.118322  
NOR2XL             slow           9.979200      20    199.584007  
NOR3BX2            slow          26.611200       1     26.611200  
NOR3X1             slow          13.305600       2     26.611200  
NOR3X2             slow          23.284800       4     93.139198  
NOR4X1             slow          19.958401       1     19.958401  
NOR4X2             slow          29.937599       4    119.750397  
OAI2BB1X1          slow          16.632000      11    182.952000  
OAI2BB1X2          slow          23.284800      20    465.695992  
OAI2BB1X4          slow          33.264000      26    864.863998  
OAI2BB1XL          slow          16.632000       2     33.264000  
OAI2BB2X1          slow          23.284800       1     23.284800  
OAI21X1            slow          16.632000      68   1130.975998  
OAI21X2            slow          26.611200     105   2794.176035  
OAI21X4            slow          36.590401      98   3585.859268  
OAI21XL            slow          13.305600     114   1516.838419  
OAI22X1            slow          19.958401     243   4849.891376  
OAI22X2            slow          29.937599      61   1826.193550  
OAI22X4            slow          46.569599       8    372.556793  
OAI22XL            slow          19.958401       2     39.916801  
OAI211X1           slow          19.958401       7    139.708805  
OAI211X2           slow          33.264000      23    765.071999  
OAI211XL           slow          19.958401       1     19.958401  
OAI222X2           slow          49.896000       1     49.896000  
OR2X1              slow          13.305600      10    133.056002  
OR2X2              slow          13.305600     139   1849.478423  
OR2X4              slow          19.958401      21    419.126415  
OR2XL              slow          13.305600       4     53.222401  
OR3XL              slow          16.632000       1     16.632000  
XNOR2X1            slow          26.611200     168   4470.681656  
XNOR2X2            slow          36.590401       6    219.542404  
XNOR2X4            slow          56.548801      27   1526.817638  
XNOR2XL            slow          26.611200     168   4470.681656  
XNOR3X2            slow          59.875198       4    239.500793  
XNOR3X4            slow          99.792000       1     99.792000  
XOR2X1             slow          26.611200      56   1490.227219  
XOR2X2             slow          33.264000      23    765.071999  
XOR2X4             slow          56.548801      67   3788.769695  
XOR2XL             slow          26.611200      12    319.334404  
XOR3X2             slow          59.875198       2    119.750397  
XOR3X4             slow          99.792000       1     99.792000  
-----------------------------------------------------------------------------
Total 138 references                                141870.961663
1
